<?xml version="1.0" encoding="UTF-8"?>
<!-- Generated by org.testng.reporters.JUnitReportReporter -->
<testsuite hostname="MKD-CORP-BCP072" failures="0" tests="2" name="com.cyient.test.LoginTest" time="24.119" errors="0" timestamp="2021-06-08T12:56:09 IST" skipped="0">
  <testcase classname="com.cyient.test.LoginTest" name="invalidCredentialTest" time="13.379"/>
  <system-out/>
  <testcase classname="com.cyient.test.LoginTest" name="invalidCredentialTest" time="10.740"/>
  <system-out/>
</testsuite> <!-- com.cyient.test.LoginTest -->
