<?xml version="1.0" encoding="UTF-8"?>
<!-- Generated by org.testng.reporters.JUnitReportReporter -->
<testsuite hostname="MKD-CORP-BCP072" failures="0" tests="2" name="com.cyient.test.LoginTest" time="26.795" errors="0" timestamp="2021-06-09T12:46:03 IST" skipped="0">
  <testcase classname="com.cyient.test.LoginTest" name="validCredentialTest" time="12.378"/>
  <system-out/>
  <testcase classname="com.cyient.test.LoginTest" name="validCredentialTest" time="14.417"/>
  <system-out/>
</testsuite> <!-- com.cyient.test.LoginTest -->
